#
# A fatal error has been detected by the Java Runtime Environment:
#
#  EXCEPTION_ACCESS_VIOLATION (0xc0000005) at pc=0x57a7ccf3, pid=8108, tid=11300
#
# JRE version: Java(TM) SE Runtime Environment (8.0_31-b13) (build 1.8.0_31-b13)
# Java VM: Java HotSpot(TM) Client VM (25.31-b07 mixed mode, sharing windows-x86 )
# Problematic frame:
# V  [jvm.dll+0xbccf3]
#
# Failed to write core dump. Minidumps are not enabled by default on client versions of Windows
#
# If you would like to submit a bug report, please visit:
#   http://bugreport.java.com/bugreport/crash.jsp
#

---------------  T H R E A D  ---------------

Current thread (0x00c94000):  JavaThread "RMI TCP Connection(idle)" daemon [_thread_in_vm, id=11300, stack(0x177d0000,0x17820000)]

siginfo: ExceptionCode=0xc0000005, reading address 0x00000018

Registers:
EAX=0x16dadf71, EBX=0x00000014, ECX=0x00000014, EDX=0x000003ec
ESP=0x1781f694, EBP=0x1781f6c4, ESI=0x163c4c38, EDI=0x00c94000
EIP=0x57a7ccf3, EFLAGS=0x00010206

Top of Stack: (sp=0x1781f694)
0x1781f694:   16a29bd8 00000006 00000005 1781f6c4
0x1781f6a4:   57a70d39 15431a38 048f64a8 00000006
0x1781f6b4:   15431a38 00c94000 00000000 16dadf71
0x1781f6c4:   1781f6f4 579ffb8a 00000000 00c94000
0x1781f6d4:   00000000 163c4c38 16a29bd8 16a29be0
0x1781f6e4:   16a29fcc 000003ec 16a66114 00000014
0x1781f6f4:   1781f728 57a0001c 16a66110 00000000
0x1781f704:   00000000 0000000d 00c94000 1c0a1eb0 

Instructions: (pc=0x57a7ccf3)
0x57a7ccd3:   8b 00 c3 cc cc cc cc cc cc cc cc cc cc 55 8b ec
0x57a7cce3:   83 ec 2c a1 54 1d d1 57 33 c5 89 45 fc 53 8b d9
0x57a7ccf3:   83 7b 04 00 0f 8e b8 00 00 00 8a 83 a6 00 00 00
0x57a7cd03:   c0 e8 03 a8 01 0f 84 a7 00 00 00 56 8b 73 38 33 


Register to memory mapping:

EAX=0x16dadf71 is an unknown value
EBX=0x00000014 is an unknown value
ECX=0x00000014 is an unknown value
EDX=0x000003ec is an unknown value
ESP=0x1781f694 is pointing into the stack for thread: 0x00c94000
EBP=0x1781f6c4 is pointing into the stack for thread: 0x00c94000
ESI=0x163c4c38 is an unknown value
EDI=0x00c94000 is a thread


Stack: [0x177d0000,0x17820000],  sp=0x1781f694,  free space=317k
Native frames: (J=compiled Java code, j=interpreted, Vv=VM code, C=native code)
V  [jvm.dll+0xbccf3]
V  [jvm.dll+0x3fb8a]
V  [jvm.dll+0x4001c]
V  [jvm.dll+0xee51c]
j  java.lang.Throwable.getStackTraceElement(I)Ljava/lang/StackTraceElement;+0
j  java.lang.Throwable.getOurStackTrace()[Ljava/lang/StackTraceElement;+59
j  java.lang.Throwable.printEnclosedStackTrace(Ljava/lang/Throwable$PrintStreamOrWriter;[Ljava/lang/StackTraceElement;Ljava/lang/String;Ljava/lang/String;Ljava/util/Set;)V+92
j  java.lang.Throwable.printStackTrace(Ljava/lang/Throwable$PrintStreamOrWriter;)V+177
j  java.lang.Throwable.printStackTrace(Ljava/io/PrintStream;)V+17
j  java.lang.ThreadGroup.uncaughtException(Ljava/lang/Thread;Ljava/lang/Throwable;)V+90
j  java.lang.ThreadGroup.uncaughtException(Ljava/lang/Thread;Ljava/lang/Throwable;)V+13
j  java.lang.Thread.dispatchUncaughtException(Ljava/lang/Throwable;)V+6
v  ~StubRoutines::call_stub
V  [jvm.dll+0x1473e5]
V  [jvm.dll+0x20d57e]
V  [jvm.dll+0x14747e]
V  [jvm.dll+0x147606]
V  [jvm.dll+0x1476ef]
V  [jvm.dll+0x168d5c]
V  [jvm.dll+0x169ae4]
V  [jvm.dll+0x16a35a]
V  [jvm.dll+0x1af0a6]
C  [msvcr100.dll+0x5c556]
C  [msvcr100.dll+0x5c600]
C  [kernel32.dll+0x1338a]
C  [ntdll.dll+0x39f72]
C  [ntdll.dll+0x39f45]
C  0x00000000

Java frames: (J=compiled Java code, j=interpreted, Vv=VM code)
j  java.lang.Throwable.getStackTraceElement(I)Ljava/lang/StackTraceElement;+0
j  java.lang.Throwable.getOurStackTrace()[Ljava/lang/StackTraceElement;+59
j  java.lang.Throwable.printEnclosedStackTrace(Ljava/lang/Throwable$PrintStreamOrWriter;[Ljava/lang/StackTraceElement;Ljava/lang/String;Ljava/lang/String;Ljava/util/Set;)V+92
j  java.lang.Throwable.printStackTrace(Ljava/lang/Throwable$PrintStreamOrWriter;)V+177
j  java.lang.Throwable.printStackTrace(Ljava/io/PrintStream;)V+17
j  java.lang.ThreadGroup.uncaughtException(Ljava/lang/Thread;Ljava/lang/Throwable;)V+90
j  java.lang.ThreadGroup.uncaughtException(Ljava/lang/Thread;Ljava/lang/Throwable;)V+13
j  java.lang.Thread.dispatchUncaughtException(Ljava/lang/Throwable;)V+6
v  ~StubRoutines::call_stub

---------------  P R O C E S S  ---------------

Java Threads: ( => current thread )
  0x18506400 JavaThread "RMI TCP Connection(idle)" daemon [_thread_blocked, id=7316, stack(0x176c0000,0x17710000)]
  0x18505c00 JavaThread "*** Profiler Agent Special Execution Thread 3" daemon [_thread_blocked, id=7804, stack(0x1aa40000,0x1aa90000)]
  0x18505800 JavaThread "Thread-7" daemon [_thread_blocked, id=10068, stack(0x1b9e0000,0x1ba30000)]
  0x15cb0400 JavaThread "*** Profiler Agent Special Execution Thread 6" daemon [_thread_blocked, id=9352, stack(0x17ce0000,0x17d30000)]
  0x15cb0000 JavaThread "*** JFluid Monitor thread ***" daemon [_thread_blocked, id=8492, stack(0x17b50000,0x17ba0000)]
  0x15caf800 JavaThread "*** Profiler Agent Communication Thread" daemon [_thread_in_native, id=7964, stack(0x17ab0000,0x17b00000)]
=>0x00c94000 JavaThread "RMI TCP Connection(idle)" daemon [_thread_in_vm, id=11300, stack(0x177d0000,0x17820000)]
  0x16a28000 JavaThread "JMX server connection timeout 13" daemon [_thread_blocked, id=6796, stack(0x17420000,0x17470000)]
  0x16a27400 JavaThread "RMI Scheduler(0)" daemon [_thread_blocked, id=9096, stack(0x174c0000,0x17510000)]
  0x169cf400 JavaThread "RMI TCP Connection(1)-10.156.202.66" daemon [_thread_in_native, id=10284, stack(0x17070000,0x170c0000)]
  0x169ccc00 JavaThread "RMI TCP Accept-0" daemon [_thread_in_native, id=5916, stack(0x15ba0000,0x15bf0000)]
  0x1696c400 JavaThread "pl.joda.primitives.training.IntCollection.IntCollectionTest2.main()" [_thread_in_native, id=1264, stack(0x15a00000,0x15a50000)]
  0x00c93400 JavaThread "Service Thread" daemon [_thread_blocked, id=10244, stack(0x15c30000,0x15c80000)]
  0x00c73000 JavaThread "C1 CompilerThread0" daemon [_thread_blocked, id=2736, stack(0x012b0000,0x01300000)]
  0x00c71c00 JavaThread "Attach Listener" daemon [_thread_blocked, id=6636, stack(0x15a80000,0x15ad0000)]
  0x00c0c800 JavaThread "Signal Dispatcher" daemon [_thread_blocked, id=428, stack(0x01210000,0x01260000)]
  0x00c09000 JavaThread "Finalizer" daemon [_thread_blocked, id=10496, stack(0x159a0000,0x159f0000)]
  0x00c03c00 JavaThread "Reference Handler" daemon [_thread_blocked, id=5840, stack(0x15240000,0x15290000)]
  0x00d6cc00 JavaThread "main" [_thread_blocked, id=8812, stack(0x00710000,0x00760000)]

Other Threads:
  0x00c01800 VMThread [stack: 0x152a0000,0x152f0000] [id=8672]
  0x00c9c800 WatcherThread [stack: 0x00cc0000,0x00d10000] [id=11132]

VM state:not at safepoint (normal execution)

VM Mutex/Monitor currently owned by a thread: None

Heap:
 def new generation   total 78656K, used 1951K [0x04800000, 0x09d50000, 0x09d50000)
  eden space 69952K,   2% used [0x04800000, 0x049e7fc0, 0x08c50000)
  from space 8704K,   0% used [0x08c50000, 0x08c50000, 0x094d0000)
  to   space 8704K,   0% used [0x094d0000, 0x094d0000, 0x09d50000)
 tenured generation   total 174784K, used 106613K [0x09d50000, 0x14800000, 0x14800000)
   the space 174784K,  60% used [0x09d50000, 0x1056d6b8, 0x1056d800, 0x14800000)
 Metaspace       used 29421K, capacity 29669K, committed 29696K, reserved 30080K

Card table byte_map: [0x010c0000,0x01150000] byte_map_base: 0x0109c000

Polling page: 0x001a0000

CodeCache: size=32768Kb used=927Kb max_used=2642Kb free=31840Kb
 bounds [0x02730000, 0x029c8000, 0x04730000]
 total_blobs=331 nmethods=145 adapters=117
 compilation: enabled

Compilation events (10 events):
Event: 41.412 Thread 0x00c73000 1532             java.lang.AbstractStringBuilder::ensureCapacityInternal (16 bytes)
Event: 41.412 Thread 0x00c73000 nmethod 1532 0x02824448 code [0x02824550, 0x028245fc]
Event: 41.412 Thread 0x00c73000 1533             org.netbeans.lib.profiler.server.ClassLoaderManager::registerLoader (70 bytes)
Event: 41.413 Thread 0x00c73000 nmethod 1533 0x02803808 code [0x02803950, 0x02803b4c]
Event: 41.429 Thread 0x00c73000 1535             java.lang.String::length (6 bytes)
Event: 41.429 Thread 0x00c73000 nmethod 1535 0x0296a048 code [0x0296a140, 0x0296a1d0]
Event: 41.431 Thread 0x00c73000 1536             sun.nio.cs.SingleByte$Encoder::encodeArrayLoop (244 bytes)
Event: 41.432 Thread 0x00c73000 nmethod 1536 0x028a6688 code [0x028a68f0, 0x028a6f48]
Event: 41.432 Thread 0x00c73000 1537             sun.nio.cs.SingleByte$Encoder::encode (32 bytes)
Event: 41.432 Thread 0x00c73000 nmethod 1537 0x028a6388 code [0x028a6490, 0x028a6580]

GC Heap History (10 events):
Event: 29.498 GC heap before
{Heap before GC invocations=30 (full 2):
 def new generation   total 6208K, used 5907K [0x04800000, 0x04eb0000, 0x09d50000)
  eden space 5568K,  94% used [0x04800000, 0x04d24d68, 0x04d70000)
  from space 640K, 100% used [0x04d70000, 0x04e10000, 0x04e10000)
  to   space 640K,   0% used [0x04e10000, 0x04e10000, 0x04eb0000)
 tenured generation   total 111340K, used 105975K [0x09d50000, 0x10a0b000, 0x14800000)
   the space 111340K,  95% used [0x09d50000, 0x104cddc8, 0x104cde00, 0x10a0b000)
 Metaspace       used 8842K, capacity 9050K, committed 9088K, reserved 9600K
Event: 29.506 GC heap after
Heap after GC invocations=31 (full 2):
 def new generation   total 6208K, used 510K [0x04800000, 0x04eb0000, 0x09d50000)
  eden space 5568K,   0% used [0x04800000, 0x04800000, 0x04d70000)
  from space 640K,  79% used [0x04e10000, 0x04e8f910, 0x04eb0000)
  to   space 640K,   0% used [0x04d70000, 0x04d70000, 0x04e10000)
 tenured generation   total 111340K, used 106605K [0x09d50000, 0x10a0b000, 0x14800000)
   the space 111340K,  95% used [0x09d50000, 0x1056b570, 0x1056b600, 0x10a0b000)
 Metaspace       used 8842K, capacity 9050K, committed 9088K, reserved 9600K
}
Event: 29.819 GC heap before
{Heap before GC invocations=31 (full 2):
 def new generation   total 6208K, used 1907K [0x04800000, 0x04eb0000, 0x09d50000)
  eden space 5568K,  25% used [0x04800000, 0x0495d310, 0x04d70000)
  from space 640K,  79% used [0x04e10000, 0x04e8f910, 0x04eb0000)
  to   space 640K,   0% used [0x04d70000, 0x04d70000, 0x04e10000)
 tenured generation   total 111340K, used 106605K [0x09d50000, 0x10a0b000, 0x14800000)
   the space 111340K,  95% used [0x09d50000, 0x1056b570, 0x1056b600, 0x10a0b000)
 Metaspace       used 12961K, capacity 13193K, committed 13228K, reserved 13696K
Event: 29.853 GC heap after
Heap after GC invocations=32 (full 3):
 def new generation   total 78656K, used 0K [0x04800000, 0x09d50000, 0x09d50000)
  eden space 69952K,   0% used [0x04800000, 0x04800000, 0x08c50000)
  from space 8704K,   0% used [0x08c50000, 0x08c50000, 0x094d0000)
  to   space 8704K,   0% used [0x094d0000, 0x094d0000, 0x09d50000)
 tenured generation   total 174784K, used 108223K [0x09d50000, 0x14800000, 0x14800000)
   the space 174784K,  61% used [0x09d50000, 0x106ffe80, 0x10700000, 0x14800000)
 Metaspace       used 12961K, capacity 13193K, committed 13228K, reserved 13696K
}
Event: 38.340 GC heap before
{Heap before GC invocations=32 (full 3):
 def new generation   total 78656K, used 25554K [0x04800000, 0x09d50000, 0x09d50000)
  eden space 69952K,  36% used [0x04800000, 0x060f48c0, 0x08c50000)
  from space 8704K,   0% used [0x08c50000, 0x08c50000, 0x094d0000)
  to   space 8704K,   0% used [0x094d0000, 0x094d0000, 0x09d50000)
 tenured generation   total 174784K, used 108223K [0x09d50000, 0x14800000, 0x14800000)
   the space 174784K,  61% used [0x09d50000, 0x106ffe80, 0x10700000, 0x14800000)
 Metaspace       used 21790K, capacity 22025K, committed 22048K, reserved 22912K
Event: 38.441 GC heap after
Heap after GC invocations=33 (full 4):
 def new generation   total 78656K, used 0K [0x04800000, 0x09d50000, 0x09d50000)
  eden space 69952K,   0% used [0x04800000, 0x04800000, 0x08c50000)
  from space 8704K,   0% used [0x08c50000, 0x08c50000, 0x094d0000)
  to   space 8704K,   0% used [0x094d0000, 0x094d0000, 0x09d50000)
 tenured generation   total 174784K, used 117362K [0x09d50000, 0x14800000, 0x14800000)
   the space 174784K,  67% used [0x09d50000, 0x10fecae8, 0x10fecc00, 0x14800000)
 Metaspace       used 21789K, capacity 22023K, committed 22048K, reserved 22912K
}
Event: 38.805 GC heap before
{Heap before GC invocations=33 (full 4):
 def new generation   total 78656K, used 1699K [0x04800000, 0x09d50000, 0x09d50000)
  eden space 69952K,   2% used [0x04800000, 0x049a8f58, 0x08c50000)
  from space 8704K,   0% used [0x08c50000, 0x08c50000, 0x094d0000)
  to   space 8704K,   0% used [0x094d0000, 0x094d0000, 0x09d50000)
 tenured generation   total 174784K, used 117362K [0x09d50000, 0x14800000, 0x14800000)
   the space 174784K,  67% used [0x09d50000, 0x10fecae8, 0x10fecc00, 0x14800000)
 Metaspace       used 21954K, capacity 22183K, committed 22304K, reserved 22912K
Event: 38.836 GC heap after
Heap after GC invocations=34 (full 5):
 def new generation   total 78656K, used 0K [0x04800000, 0x09d50000, 0x09d50000)
  eden space 69952K,   0% used [0x04800000, 0x04800000, 0x08c50000)
  from space 8704K,   0% used [0x08c50000, 0x08c50000, 0x094d0000)
  to   space 8704K,   0% used [0x094d0000, 0x094d0000, 0x09d50000)
 tenured generation   total 174784K, used 117386K [0x09d50000, 0x14800000, 0x14800000)
   the space 174784K,  67% used [0x09d50000, 0x10ff2860, 0x10ff2a00, 0x14800000)
 Metaspace       used 21954K, capacity 22183K, committed 22304K, reserved 22912K
}
Event: 41.347 GC heap before
{Heap before GC invocations=34 (full 5):
 def new generation   total 78656K, used 6096K [0x04800000, 0x09d50000, 0x09d50000)
  eden space 69952K,   8% used [0x04800000, 0x04df4158, 0x08c50000)
  from space 8704K,   0% used [0x08c50000, 0x08c50000, 0x094d0000)
  to   space 8704K,   0% used [0x094d0000, 0x094d0000, 0x09d50000)
 tenured generation   total 174784K, used 117386K [0x09d50000, 0x14800000, 0x14800000)
   the space 174784K,  67% used [0x09d50000, 0x10ff2860, 0x10ff2a00, 0x14800000)
 Metaspace       used 29411K, capacity 29639K, committed 29696K, reserved 30080K
Event: 41.386 GC heap after
Heap after GC invocations=35 (full 6):
 def new generation   total 78656K, used 0K [0x04800000, 0x09d50000, 0x09d50000)
  eden space 69952K,   0% used [0x04800000, 0x04800000, 0x08c50000)
  from space 8704K,   0% used [0x08c50000, 0x08c50000, 0x094d0000)
  to   space 8704K,   0% used [0x094d0000, 0x094d0000, 0x09d50000)
 tenured generation   total 174784K, used 106613K [0x09d50000, 0x14800000, 0x14800000)
   the space 174784K,  60% used [0x09d50000, 0x1056d6b8, 0x1056d800, 0x14800000)
 Metaspace       used 29405K, capacity 29632K, committed 29696K, reserved 30080K
}

Deoptimization events (0 events):
No events

Internal exceptions (10 events):
Event: 29.131 Thread 0x00c71c00 Exception <a 'java/security/PrivilegedActionException'> (0x04ca77f8) thrown at [C:\re\workspace\8-2-build-windows-i586-cygwin\jdk8u31\2394\hotspot\src\share\vm\prims\jvm.cpp, line 1312]
Event: 29.131 Thread 0x00c71c00 Exception <a 'java/security/PrivilegedActionException'> (0x04ca7ed0) thrown at [C:\re\workspace\8-2-build-windows-i586-cygwin\jdk8u31\2394\hotspot\src\share\vm\prims\jvm.cpp, line 1312]
Event: 29.132 Thread 0x00c71c00 Exception <a 'java/security/PrivilegedActionException'> (0x04caa2b0) thrown at [C:\re\workspace\8-2-build-windows-i586-cygwin\jdk8u31\2394\hotspot\src\share\vm\prims\jvm.cpp, line 1312]
Event: 29.133 Thread 0x00c71c00 Exception <a 'java/security/PrivilegedActionException'> (0x04cb41b8) thrown at [C:\re\workspace\8-2-build-windows-i586-cygwin\jdk8u31\2394\hotspot\src\share\vm\prims\jvm.cpp, line 1312]
Event: 29.133 Thread 0x00c71c00 Exception <a 'java/security/PrivilegedActionException'> (0x04cb48b8) thrown at [C:\re\workspace\8-2-build-windows-i586-cygwin\jdk8u31\2394\hotspot\src\share\vm\prims\jvm.cpp, line 1312]
Event: 29.133 Thread 0x00c71c00 Exception <a 'java/security/PrivilegedActionException'> (0x04cb6768) thrown at [C:\re\workspace\8-2-build-windows-i586-cygwin\jdk8u31\2394\hotspot\src\share\vm\prims\jvm.cpp, line 1312]
Event: 29.133 Thread 0x00c71c00 Exception <a 'java/security/PrivilegedActionException'> (0x04cb8b78) thrown at [C:\re\workspace\8-2-build-windows-i586-cygwin\jdk8u31\2394\hotspot\src\share\vm\prims\jvm.cpp, line 1312]
Event: 29.133 Thread 0x00c71c00 Exception <a 'java/security/PrivilegedActionException'> (0x04cb92a8) thrown at [C:\re\workspace\8-2-build-windows-i586-cygwin\jdk8u31\2394\hotspot\src\share\vm\prims\jvm.cpp, line 1312]
Event: 29.133 Thread 0x00c71c00 Exception <a 'java/security/PrivilegedActionException'> (0x04cbb1d0) thrown at [C:\re\workspace\8-2-build-windows-i586-cygwin\jdk8u31\2394\hotspot\src\share\vm\prims\jvm.cpp, line 1312]
Event: 41.421 Thread 0x00c94000 Exception <a 'java/lang/BootstrapMethodError'> (0x048ef7a0) thrown at [C:\re\workspace\8-2-build-windows-i586-cygwin\jdk8u31\2394\hotspot\src\share\vm\prims\jvm.cpp, line 1316]

Events (10 events):
Event: 41.405 loading class sun/reflect/GeneratedSerializationConstructorAccessor31 done
Event: 41.409 loading class sun/reflect/GeneratedSerializationConstructorAccessor32
Event: 41.409 loading class sun/reflect/GeneratedSerializationConstructorAccessor32 done
Event: 41.417 Executing VM operation: RedefineClasses
Event: 41.420 Executing VM operation: RedefineClasses done
Event: 41.421 Thread 0x18506400 Thread added: 0x18506400
Event: 41.422 Executing VM operation: RevokeBias
Event: 41.422 Executing VM operation: RevokeBias done
Event: 41.424 Executing VM operation: RedefineClasses
Event: 41.429 Executing VM operation: RedefineClasses done


Dynamic libraries:
0x01300000 - 0x01330000 	c:\Program Files (x86)\Java\jdk1.8.0_31\bin\java.exe
0x77ae0000 - 0x77c60000 	C:\WINDOWS\SysWOW64\ntdll.dll
0x759b0000 - 0x75ac0000 	C:\WINDOWS\syswow64\kernel32.dll
0x77690000 - 0x776d7000 	C:\WINDOWS\syswow64\KERNELBASE.dll
0x76050000 - 0x760f0000 	C:\WINDOWS\syswow64\ADVAPI32.dll
0x75900000 - 0x759ac000 	C:\WINDOWS\syswow64\msvcrt.dll
0x757a0000 - 0x757b9000 	C:\WINDOWS\SysWOW64\sechost.dll
0x76320000 - 0x76410000 	C:\WINDOWS\syswow64\RPCRT4.dll
0x75600000 - 0x75660000 	C:\WINDOWS\syswow64\SspiCli.dll
0x755f0000 - 0x755fc000 	C:\WINDOWS\syswow64\CRYPTBASE.dll
0x756a0000 - 0x757a0000 	C:\WINDOWS\syswow64\USER32.dll
0x77180000 - 0x77210000 	C:\WINDOWS\syswow64\GDI32.dll
0x77ab0000 - 0x77aba000 	C:\WINDOWS\syswow64\LPK.dll
0x77400000 - 0x7749d000 	C:\WINDOWS\syswow64\USP10.dll
0x70330000 - 0x704ce000 	C:\WINDOWS\WinSxS\x86_microsoft.windows.common-controls_6595b64144ccf1df_6.0.7601.17514_none_41e6975e2bd6f2b2\COMCTL32.dll
0x77120000 - 0x77177000 	C:\WINDOWS\syswow64\SHLWAPI.dll
0x77280000 - 0x772e0000 	C:\WINDOWS\system32\IMM32.DLL
0x77330000 - 0x773fc000 	C:\WINDOWS\syswow64\MSCTF.dll
0x6d6e0000 - 0x6d79f000 	c:\Program Files (x86)\Java\jdk1.8.0_31\jre\bin\msvcr100.dll
0x579c0000 - 0x57d64000 	c:\Program Files (x86)\Java\jdk1.8.0_31\jre\bin\client\jvm.dll
0x74e70000 - 0x74e77000 	C:\WINDOWS\system32\WSOCK32.dll
0x76010000 - 0x76045000 	C:\WINDOWS\syswow64\WS2_32.dll
0x77230000 - 0x77236000 	C:\WINDOWS\syswow64\NSI.dll
0x74110000 - 0x74142000 	C:\WINDOWS\system32\WINMM.dll
0x77270000 - 0x77275000 	C:\WINDOWS\syswow64\PSAPI.DLL
0x6dd80000 - 0x6dd8c000 	c:\Program Files (x86)\Java\jdk1.8.0_31\jre\bin\verify.dll
0x6d6b0000 - 0x6d6d1000 	c:\Program Files (x86)\Java\jdk1.8.0_31\jre\bin\java.dll
0x6d690000 - 0x6d6a3000 	c:\Program Files (x86)\Java\jdk1.8.0_31\jre\bin\zip.dll
0x76410000 - 0x7705b000 	C:\WINDOWS\syswow64\SHELL32.dll
0x75ce0000 - 0x75e3c000 	C:\WINDOWS\syswow64\ole32.dll
0x74ff0000 - 0x74ffb000 	C:\WINDOWS\system32\profapi.dll
0x6d670000 - 0x6d685000 	C:\Program Files (x86)\Java\jdk1.8.0_31\jre\bin\net.dll
0x749f0000 - 0x74a2c000 	C:\WINDOWS\system32\mswsock.dll
0x745c0000 - 0x745c6000 	C:\WINDOWS\System32\wship6.dll
0x6e020000 - 0x6e02f000 	C:\Program Files (x86)\Java\jdk1.8.0_31\jre\bin\nio.dll
0x74fd0000 - 0x74fe6000 	C:\WINDOWS\system32\CRYPTSP.dll
0x74f90000 - 0x74fcb000 	C:\WINDOWS\system32\rsaenh.dll
0x75000000 - 0x75017000 	C:\WINDOWS\system32\USERENV.dll
0x745a0000 - 0x745bc000 	C:\WINDOWS\system32\IPHLPAPI.DLL
0x74590000 - 0x74597000 	C:\WINDOWS\system32\WINNSI.DLL
0x74060000 - 0x7406d000 	C:\WINDOWS\system32\dhcpcsvc6.DLL
0x74040000 - 0x74052000 	C:\WINDOWS\system32\dhcpcsvc.DLL
0x04730000 - 0x0476d000 	C:\Users\A045134\AppData\Local\Temp\jna--1017952894\jna665954671122079655.dll
0x749e0000 - 0x749e5000 	C:\WINDOWS\System32\wshtcpip.dll
0x745e0000 - 0x74624000 	C:\WINDOWS\system32\DNSAPI.dll
0x74580000 - 0x74586000 	C:\WINDOWS\system32\rasadhlp.dll
0x74450000 - 0x74488000 	C:\WINDOWS\System32\fwpuclnt.dll
0x6d5b0000 - 0x6d5ba000 	C:\Program Files (x86)\Java\jdk1.8.0_31\jre\bin\management.dll
0x746b0000 - 0x746c0000 	C:\WINDOWS\system32\NLAapi.dll
0x74650000 - 0x74660000 	C:\WINDOWS\system32\napinsp.dll
0x74630000 - 0x74642000 	C:\WINDOWS\system32\pnrpnsp.dll
0x745d0000 - 0x745d8000 	C:\WINDOWS\System32\winrnr.dll
0x5f510000 - 0x5f530000 	c:\Program Files (x86)\Java\jdk1.8.0_31\jre\bin\instrument.dll
0x6ddc0000 - 0x6ddcc000 	D:\visualvm_138\profiler\lib\deployed\jdk16\windows\profilerinterface.dll
0x74ea0000 - 0x74f8b000 	C:\WINDOWS\system32\dbghelp.dll

VM Arguments:
jvm_args: -Dclassworlds.conf=C:\Program Files\apache-maven-3.2.5\bin\m2.conf -Dmaven.home=C:\Program Files\apache-maven-3.2.5 
java_command: org.codehaus.plexus.classworlds.launcher.Launcher exec:java -Dexec.mainClass=pl.joda.primitives.training.IntCollection.IntCollectionTest2
java_class_path (initial): C:\Program Files\apache-maven-3.2.5\boot\plexus-classworlds-2.5.2.jar
Launcher Type: SUN_STANDARD

Environment Variables:
JAVA_HOME=c:\Program Files (x86)\Java\jdk1.8.0_31\
CLASSPATH=C:\STAF\samples\demo\STAFDemo.jar;C:\STAF\bin\JSTAF.jar;.;C:\SQLLIB\java\db2java.zip;C:\SQLLIB\java\db2jcc.jar;C:\SQLLIB\java\sqlj.zip;C:\SQLLIB\java\db2jcc_license_cu.jar;C:\SQLLIB\bin;C:\SQLLIB\java\common.jar
PATH=c:\RS\seleniumIE\;d:\Python\Scripts\;D:\Python;C:\STAF\bin;c:\Program Files (x86)\IBM\Notes\;c:\NotesSQL;c:\Users\A045134\appdata\Local\IBM\Notes\Data\;c:\Program Files\Fortify Software\HP Fortify v3.60\bin;c:\RS\gradle-2.2.1\bin;C:\Program Files\Fortify Software\HP Fortify v3.60\bin;c:\Program Files\apache-ant-1.9.4\\bin;C:\Program Files\apache-maven-3.2.5\bin;C:\ProgramData\Oracle\Java\javapath;C:\orahome\oracle\product\11.2.0\bin;C:\WINDOWS\system32;C:\WINDOWS;C:\WINDOWS\System32\Wbem;C:\WINDOWS\System32\WindowsPowerShell\v1.0\;C:\Program Files\Intel\WiFi\bin\;C:\Program Files\Common Files\Intel\WirelessCommon\;C:\Program Files (x86)\Java\jre7\bin;C:\Program Files\Java\jre7\bin;C:\Program Files (x86)\Java\jre6\bin;C:\Program Files\Java\jre6\bin;C:\Program Files\CREDANT\Shield v7.3\;C:\SQLLIB\BIN;C:\SQLLIB\FUNCTION;C:\SQLLIB\SAMPLES\REPL;C:\Program Files\TortoiseSVN\bin;C:\Program Files\Microsoft SQL Server\110\Tools\Binn\;C:\Program Files\Microsoft SQL Server\120\Tools\Binn\;C:\Program Files (x86)\Windows Kits\8.1\Windows Performance Toolkit\;C:\Program Files (x86)\Microsoft SDKs\TypeScript\1.0\
USERNAME=A045134
OS=Windows_NT
PROCESSOR_IDENTIFIER=Intel64 Family 6 Model 42 Stepping 7, GenuineIntel



---------------  S Y S T E M  ---------------

OS: Windows 7 , 64 bit Build 7601 Service Pack 1

CPU:total 4 (2 cores per cpu, 2 threads per core) family 6 model 42 stepping 7, cmov, cx8, fxsr, mmx, sse, sse2, sse3, ssse3, sse4.1, sse4.2, popcnt, avx, aes, clmul, ht, tsc, tscinvbit

Memory: 4k page, physical 8269040k(1218788k free), swap 16536224k(8647408k free)

vm_info: Java HotSpot(TM) Client VM (25.31-b07) for windows-x86 JRE (1.8.0_31-b13), built on Dec 17 2014 20:46:12 by "java_re" with MS VC++ 10.0 (VS2010)

time: Thu Apr 23 13:27:52 2015
elapsed time: 41 seconds (0d 0h 0m 41s)

